<?xml version="1.0" encoding="UTF-8"?>
<!-- Generated by org.testng.reporters.JUnitReportReporter -->
<testsuite hostname="PeterMacBookPro.local" name="Test.JPStemmerPorterTest" tests="1" failures="0" timestamp="21 Jun 2012 20:06:38 GMT" time="0.014" errors="0">
  <testcase name="stem" time="0.014" classname="Test.JPStemmerPorterTest"/>
</testsuite> <!-- Test.JPStemmerPorterTest -->
