<?xml version="1.0" encoding="UTF-8"?>
<!-- Generated by org.testng.reporters.JUnitReportReporter -->
<testsuite hostname="PeterMacBookPro.local" name="Test.JPSenseRelateWordNetTest" tests="3" failures="0" timestamp="18 Jun 2012 19:04:21 GMT" time="126.223" errors="0">
  <testcase name="senseRelate" time="65.543" classname="Test.JPSenseRelateWordNetTest"/>
  <testcase name="senseRelate" time="60.661" classname="Test.JPSenseRelateWordNetTest"/>
  <testcase name="senseRelate" time="0.019" classname="Test.JPSenseRelateWordNetTest"/>
</testsuite> <!-- Test.JPSenseRelateWordNetTest -->
