<?xml version="1.0" encoding="UTF-8"?>
<!-- Generated by org.testng.reporters.JUnitReportReporter -->
<testsuite hostname="petermacbookpro.pbk211.pgp" name="Test.JPIncludeHypoHyperNymsTest" tests="3" failures="0" timestamp="18 Jun 2012 22:38:13 GMT" time="1.715" errors="0">
  <testcase name="include" time="0.224" classname="Test.JPIncludeHypoHyperNymsTest"/>
  <testcase name="include" time="1.038" classname="Test.JPIncludeHypoHyperNymsTest"/>
  <testcase name="include" time="0.453" classname="Test.JPIncludeHypoHyperNymsTest"/>
</testsuite> <!-- Test.JPIncludeHypoHyperNymsTest -->
