<?xml version="1.0" encoding="UTF-8"?>
<!-- Generated by org.testng.reporters.JUnitReportReporter -->
<testsuite hostname="PeterMacBookPro.local" name="Test.IllinoisPOSTaggerManagerTest" tests="352" failures="0" timestamp="17 Jun 2012 13:06:40 GMT" time="7.203" errors="0">
  <testcase name="tagSentence" time="0.013" classname="Test.IllinoisPOSTaggerManagerTest"/>
  <testcase name="tagSentence" time="0.007" classname="Test.IllinoisPOSTaggerManagerTest"/>
  <testcase name="tagSentence" time="0.008" classname="Test.IllinoisPOSTaggerManagerTest"/>
  <testcase name="tagSentence" time="0.013" classname="Test.IllinoisPOSTaggerManagerTest"/>
  <testcase name="tagSentence" time="0.009" classname="Test.IllinoisPOSTaggerManagerTest"/>
  <testcase name="tagSentence" time="0.009" classname="Test.IllinoisPOSTaggerManagerTest"/>
  <testcase name="tagSentence" time="0.008" classname="Test.IllinoisPOSTaggerManagerTest"/>
  <testcase name="tagSentence" time="0.008" classname="Test.IllinoisPOSTaggerManagerTest"/>
  <testcase name="tagSentence" time="0.014" classname="Test.IllinoisPOSTaggerManagerTest"/>
  <testcase name="tagSentence" time="0.008" classname="Test.IllinoisPOSTaggerManagerTest"/>
  <testcase name="tagSentence" time="0.009" classname="Test.IllinoisPOSTaggerManagerTest"/>
  <testcase name="tagSentence" time="0.014" classname="Test.IllinoisPOSTaggerManagerTest"/>
  <testcase name="tagSentence" time="0.011" classname="Test.IllinoisPOSTaggerManagerTest"/>
  <testcase name="tagSentence" time="0.008" classname="Test.IllinoisPOSTaggerManagerTest"/>
  <testcase name="tagSentence" time="0.009" classname="Test.IllinoisPOSTaggerManagerTest"/>
  <testcase name="tagSentence" time="0.012" classname="Test.IllinoisPOSTaggerManagerTest"/>
  <testcase name="tagSentence" time="0.016" classname="Test.IllinoisPOSTaggerManagerTest"/>
  <testcase name="tagSentence" time="0.009" classname="Test.IllinoisPOSTaggerManagerTest"/>
  <testcase name="tagSentence" time="0.008" classname="Test.IllinoisPOSTaggerManagerTest"/>
  <testcase name="tagSentence" time="0.017" classname="Test.IllinoisPOSTaggerManagerTest"/>
  <testcase name="tagSentence" time="0.013" classname="Test.IllinoisPOSTaggerManagerTest"/>
  <testcase name="tagSentence" time="0.013" classname="Test.IllinoisPOSTaggerManagerTest"/>
  <testcase name="tagSentence" time="0.009" classname="Test.IllinoisPOSTaggerManagerTest"/>
  <testcase name="tagSentence" time="0.009" classname="Test.IllinoisPOSTaggerManagerTest"/>
  <testcase name="tagSentence" time="2.189" classname="Test.IllinoisPOSTaggerManagerTest"/>
  <testcase name="tagSentence" time="0.009" classname="Test.IllinoisPOSTaggerManagerTest"/>
  <testcase name="tagSentence" time="0.020" classname="Test.IllinoisPOSTaggerManagerTest"/>
  <testcase name="tagSentence" time="0.009" classname="Test.IllinoisPOSTaggerManagerTest"/>
  <testcase name="tagSentence" time="0.017" classname="Test.IllinoisPOSTaggerManagerTest"/>
  <testcase name="tagSentence" time="0.008" classname="Test.IllinoisPOSTaggerManagerTest"/>
  <testcase name="tagSentence" time="0.010" classname="Test.IllinoisPOSTaggerManagerTest"/>
  <testcase name="tagSentence" time="0.027" classname="Test.IllinoisPOSTaggerManagerTest"/>
  <testcase name="tagSentence" time="0.014" classname="Test.IllinoisPOSTaggerManagerTest"/>
  <testcase name="tagSentence" time="0.010" classname="Test.IllinoisPOSTaggerManagerTest"/>
  <testcase name="tagSentence" time="0.014" classname="Test.IllinoisPOSTaggerManagerTest"/>
  <testcase name="tagSentence" time="0.032" classname="Test.IllinoisPOSTaggerManagerTest"/>
  <testcase name="tagSentence" time="0.012" classname="Test.IllinoisPOSTaggerManagerTest"/>
  <testcase name="tagSentence" time="0.009" classname="Test.IllinoisPOSTaggerManagerTest"/>
  <testcase name="tagSentence" time="0.013" classname="Test.IllinoisPOSTaggerManagerTest"/>
  <testcase name="tagSentence" time="0.012" classname="Test.IllinoisPOSTaggerManagerTest"/>
  <testcase name="tagSentence" time="0.010" classname="Test.IllinoisPOSTaggerManagerTest"/>
  <testcase name="tagSentence" time="0.014" classname="Test.IllinoisPOSTaggerManagerTest"/>
  <testcase name="tagSentence" time="0.013" classname="Test.IllinoisPOSTaggerManagerTest"/>
  <testcase name="tagSentence" time="0.015" classname="Test.IllinoisPOSTaggerManagerTest"/>
  <testcase name="tagSentence" time="0.009" classname="Test.IllinoisPOSTaggerManagerTest"/>
  <testcase name="tagSentence" time="0.009" classname="Test.IllinoisPOSTaggerManagerTest"/>
  <testcase name="tagSentence" time="0.008" classname="Test.IllinoisPOSTaggerManagerTest"/>
  <testcase name="tagSentence" time="0.012" classname="Test.IllinoisPOSTaggerManagerTest"/>
  <testcase name="tagSentence" time="0.007" classname="Test.IllinoisPOSTaggerManagerTest"/>
  <testcase name="tagSentence" time="0.008" classname="Test.IllinoisPOSTaggerManagerTest"/>
  <testcase name="tagSentence" time="0.010" classname="Test.IllinoisPOSTaggerManagerTest"/>
  <testcase name="tagSentence" time="0.008" classname="Test.IllinoisPOSTaggerManagerTest"/>
  <testcase name="tagSentence" time="0.016" classname="Test.IllinoisPOSTaggerManagerTest"/>
  <testcase name="tagSentence" time="0.013" classname="Test.IllinoisPOSTaggerManagerTest"/>
  <testcase name="tagSentence" time="0.013" classname="Test.IllinoisPOSTaggerManagerTest"/>
  <testcase name="tagSentence" time="0.010" classname="Test.IllinoisPOSTaggerManagerTest"/>
  <testcase name="tagSentence" time="0.008" classname="Test.IllinoisPOSTaggerManagerTest"/>
  <testcase name="tagSentence" time="0.014" classname="Test.IllinoisPOSTaggerManagerTest"/>
  <testcase name="tagSentence" time="0.016" classname="Test.IllinoisPOSTaggerManagerTest"/>
  <testcase name="tagSentence" time="0.008" classname="Test.IllinoisPOSTaggerManagerTest"/>
  <testcase name="tagSentence" time="0.008" classname="Test.IllinoisPOSTaggerManagerTest"/>
  <testcase name="tagSentence" time="0.008" classname="Test.IllinoisPOSTaggerManagerTest"/>
  <testcase name="tagSentence" time="0.012" classname="Test.IllinoisPOSTaggerManagerTest"/>
  <testcase name="tagSentence" time="0.014" classname="Test.IllinoisPOSTaggerManagerTest"/>
  <testcase name="tagSentence" time="0.013" classname="Test.IllinoisPOSTaggerManagerTest"/>
  <testcase name="tagSentence" time="0.010" classname="Test.IllinoisPOSTaggerManagerTest"/>
  <testcase name="tagSentence" time="0.009" classname="Test.IllinoisPOSTaggerManagerTest"/>
  <testcase name="tagSentence" time="0.010" classname="Test.IllinoisPOSTaggerManagerTest"/>
  <testcase name="tagSentence" time="0.009" classname="Test.IllinoisPOSTaggerManagerTest"/>
  <testcase name="tagSentence" time="0.009" classname="Test.IllinoisPOSTaggerManagerTest"/>
  <testcase name="tagSentence" time="0.019" classname="Test.IllinoisPOSTaggerManagerTest"/>
  <testcase name="tagSentence" time="0.010" classname="Test.IllinoisPOSTaggerManagerTest"/>
  <testcase name="tagSentence" time="0.012" classname="Test.IllinoisPOSTaggerManagerTest"/>
  <testcase name="tagSentence" time="0.015" classname="Test.IllinoisPOSTaggerManagerTest"/>
  <testcase name="tagSentence" time="0.008" classname="Test.IllinoisPOSTaggerManagerTest"/>
  <testcase name="tagSentence" time="0.010" classname="Test.IllinoisPOSTaggerManagerTest"/>
  <testcase name="tagSentence" time="0.009" classname="Test.IllinoisPOSTaggerManagerTest"/>
  <testcase name="tagSentence" time="0.009" classname="Test.IllinoisPOSTaggerManagerTest"/>
  <testcase name="tagSentence" time="0.013" classname="Test.IllinoisPOSTaggerManagerTest"/>
  <testcase name="tagSentence" time="0.015" classname="Test.IllinoisPOSTaggerManagerTest"/>
  <testcase name="tagSentence" time="0.010" classname="Test.IllinoisPOSTaggerManagerTest"/>
  <testcase name="tagSentence" time="0.008" classname="Test.IllinoisPOSTaggerManagerTest"/>
  <testcase name="tagSentence" time="0.010" classname="Test.IllinoisPOSTaggerManagerTest"/>
  <testcase name="tagSentence" time="0.013" classname="Test.IllinoisPOSTaggerManagerTest"/>
  <testcase name="tagSentence" time="0.009" classname="Test.IllinoisPOSTaggerManagerTest"/>
  <testcase name="tagSentence" time="0.010" classname="Test.IllinoisPOSTaggerManagerTest"/>
  <testcase name="tagSentence" time="0.014" classname="Test.IllinoisPOSTaggerManagerTest"/>
  <testcase name="tagSentence" time="0.008" classname="Test.IllinoisPOSTaggerManagerTest"/>
  <testcase name="tagSentence" time="0.009" classname="Test.IllinoisPOSTaggerManagerTest"/>
  <testcase name="tagSentence" time="0.008" classname="Test.IllinoisPOSTaggerManagerTest"/>
  <testcase name="tagSentence" time="0.015" classname="Test.IllinoisPOSTaggerManagerTest"/>
  <testcase name="tagSentence" time="0.014" classname="Test.IllinoisPOSTaggerManagerTest"/>
  <testcase name="tagSentence" time="0.009" classname="Test.IllinoisPOSTaggerManagerTest"/>
  <testcase name="tagSentence" time="0.011" classname="Test.IllinoisPOSTaggerManagerTest"/>
  <testcase name="tagSentence" time="0.009" classname="Test.IllinoisPOSTaggerManagerTest"/>
  <testcase name="tagSentence" time="0.008" classname="Test.IllinoisPOSTaggerManagerTest"/>
  <testcase name="tagSentence" time="0.011" classname="Test.IllinoisPOSTaggerManagerTest"/>
  <testcase name="tagSentence" time="0.009" classname="Test.IllinoisPOSTaggerManagerTest"/>
  <testcase name="tagSentence" time="0.012" classname="Test.IllinoisPOSTaggerManagerTest"/>
  <testcase name="tagSentence" time="0.012" classname="Test.IllinoisPOSTaggerManagerTest"/>
  <testcase name="tagSentence" time="0.009" classname="Test.IllinoisPOSTaggerManagerTest"/>
  <testcase name="tagSentence" time="0.051" classname="Test.IllinoisPOSTaggerManagerTest"/>
  <testcase name="tagSentence" time="0.011" classname="Test.IllinoisPOSTaggerManagerTest"/>
  <testcase name="tagSentence" time="0.013" classname="Test.IllinoisPOSTaggerManagerTest"/>
  <testcase name="tagSentence" time="0.012" classname="Test.IllinoisPOSTaggerManagerTest"/>
  <testcase name="tagSentence" time="0.010" classname="Test.IllinoisPOSTaggerManagerTest"/>
  <testcase name="tagSentence" time="0.011" classname="Test.IllinoisPOSTaggerManagerTest"/>
  <testcase name="tagSentence" time="0.013" classname="Test.IllinoisPOSTaggerManagerTest"/>
  <testcase name="tagSentence" time="0.014" classname="Test.IllinoisPOSTaggerManagerTest"/>
  <testcase name="tagSentence" time="0.010" classname="Test.IllinoisPOSTaggerManagerTest"/>
  <testcase name="tagSentence" time="0.010" classname="Test.IllinoisPOSTaggerManagerTest"/>
  <testcase name="tagSentence" time="0.010" classname="Test.IllinoisPOSTaggerManagerTest"/>
  <testcase name="tagSentence" time="0.015" classname="Test.IllinoisPOSTaggerManagerTest"/>
  <testcase name="tagSentence" time="0.009" classname="Test.IllinoisPOSTaggerManagerTest"/>
  <testcase name="tagSentence" time="0.014" classname="Test.IllinoisPOSTaggerManagerTest"/>
  <testcase name="tagSentence" time="0.016" classname="Test.IllinoisPOSTaggerManagerTest"/>
  <testcase name="tagSentence" time="0.009" classname="Test.IllinoisPOSTaggerManagerTest"/>
  <testcase name="tagSentence" time="0.008" classname="Test.IllinoisPOSTaggerManagerTest"/>
  <testcase name="tagSentence" time="0.009" classname="Test.IllinoisPOSTaggerManagerTest"/>
  <testcase name="tagSentence" time="0.008" classname="Test.IllinoisPOSTaggerManagerTest"/>
  <testcase name="tagSentence" time="0.012" classname="Test.IllinoisPOSTaggerManagerTest"/>
  <testcase name="tagSentence" time="0.012" classname="Test.IllinoisPOSTaggerManagerTest"/>
  <testcase name="tagSentence" time="0.032" classname="Test.IllinoisPOSTaggerManagerTest"/>
  <testcase name="tagSentence" time="0.008" classname="Test.IllinoisPOSTaggerManagerTest"/>
  <testcase name="tagSentence" time="0.010" classname="Test.IllinoisPOSTaggerManagerTest"/>
  <testcase name="tagSentence" time="0.013" classname="Test.IllinoisPOSTaggerManagerTest"/>
  <testcase name="tagSentence" time="0.008" classname="Test.IllinoisPOSTaggerManagerTest"/>
  <testcase name="tagSentence" time="0.009" classname="Test.IllinoisPOSTaggerManagerTest"/>
  <testcase name="tagSentence" time="0.013" classname="Test.IllinoisPOSTaggerManagerTest"/>
  <testcase name="tagSentence" time="0.008" classname="Test.IllinoisPOSTaggerManagerTest"/>
  <testcase name="tagSentence" time="0.009" classname="Test.IllinoisPOSTaggerManagerTest"/>
  <testcase name="tagSentence" time="0.011" classname="Test.IllinoisPOSTaggerManagerTest"/>
  <testcase name="tagSentence" time="0.010" classname="Test.IllinoisPOSTaggerManagerTest"/>
  <testcase name="tagSentence" time="0.012" classname="Test.IllinoisPOSTaggerManagerTest"/>
  <testcase name="tagSentence" time="0.008" classname="Test.IllinoisPOSTaggerManagerTest"/>
  <testcase name="tagSentence" time="0.008" classname="Test.IllinoisPOSTaggerManagerTest"/>
  <testcase name="tagSentence" time="0.016" classname="Test.IllinoisPOSTaggerManagerTest"/>
  <testcase name="tagSentence" time="0.012" classname="Test.IllinoisPOSTaggerManagerTest"/>
  <testcase name="tagSentence" time="0.009" classname="Test.IllinoisPOSTaggerManagerTest"/>
  <testcase name="tagSentence" time="0.007" classname="Test.IllinoisPOSTaggerManagerTest"/>
  <testcase name="tagSentence" time="0.015" classname="Test.IllinoisPOSTaggerManagerTest"/>
  <testcase name="tagSentence" time="0.011" classname="Test.IllinoisPOSTaggerManagerTest"/>
  <testcase name="tagSentence" time="0.013" classname="Test.IllinoisPOSTaggerManagerTest"/>
  <testcase name="tagSentence" time="0.014" classname="Test.IllinoisPOSTaggerManagerTest"/>
  <testcase name="tagSentence" time="0.010" classname="Test.IllinoisPOSTaggerManagerTest"/>
  <testcase name="tagSentence" time="0.008" classname="Test.IllinoisPOSTaggerManagerTest"/>
  <testcase name="tagSentence" time="0.029" classname="Test.IllinoisPOSTaggerManagerTest"/>
  <testcase name="tagSentence" time="0.011" classname="Test.IllinoisPOSTaggerManagerTest"/>
  <testcase name="tagSentence" time="0.008" classname="Test.IllinoisPOSTaggerManagerTest"/>
  <testcase name="tagSentence" time="0.013" classname="Test.IllinoisPOSTaggerManagerTest"/>
  <testcase name="tagSentence" time="0.011" classname="Test.IllinoisPOSTaggerManagerTest"/>
  <testcase name="tagSentence" time="0.008" classname="Test.IllinoisPOSTaggerManagerTest"/>
  <testcase name="tagSentence" time="0.008" classname="Test.IllinoisPOSTaggerManagerTest"/>
  <testcase name="tagSentence" time="0.009" classname="Test.IllinoisPOSTaggerManagerTest"/>
  <testcase name="tagSentence" time="0.014" classname="Test.IllinoisPOSTaggerManagerTest"/>
  <testcase name="tagSentence" time="0.009" classname="Test.IllinoisPOSTaggerManagerTest"/>
  <testcase name="tagSentence" time="0.024" classname="Test.IllinoisPOSTaggerManagerTest"/>
  <testcase name="tagSentence" time="0.014" classname="Test.IllinoisPOSTaggerManagerTest"/>
  <testcase name="tagSentence" time="0.368" classname="Test.IllinoisPOSTaggerManagerTest"/>
  <testcase name="tagSentence" time="0.010" classname="Test.IllinoisPOSTaggerManagerTest"/>
  <testcase name="tagSentence" time="0.010" classname="Test.IllinoisPOSTaggerManagerTest"/>
  <testcase name="tagSentence" time="0.012" classname="Test.IllinoisPOSTaggerManagerTest"/>
  <testcase name="tagSentence" time="0.011" classname="Test.IllinoisPOSTaggerManagerTest"/>
  <testcase name="tagSentence" time="0.014" classname="Test.IllinoisPOSTaggerManagerTest"/>
  <testcase name="tagSentence" time="0.008" classname="Test.IllinoisPOSTaggerManagerTest"/>
  <testcase name="tagSentence" time="0.010" classname="Test.IllinoisPOSTaggerManagerTest"/>
  <testcase name="tagSentence" time="0.017" classname="Test.IllinoisPOSTaggerManagerTest"/>
  <testcase name="tagSentence" time="0.016" classname="Test.IllinoisPOSTaggerManagerTest"/>
  <testcase name="tagSentence" time="0.014" classname="Test.IllinoisPOSTaggerManagerTest"/>
  <testcase name="tagSentence" time="0.016" classname="Test.IllinoisPOSTaggerManagerTest"/>
  <testcase name="tagSentence" time="0.009" classname="Test.IllinoisPOSTaggerManagerTest"/>
  <testcase name="tagSentence" time="0.388" classname="Test.IllinoisPOSTaggerManagerTest"/>
  <testcase name="tagSentence" time="0.008" classname="Test.IllinoisPOSTaggerManagerTest"/>
  <testcase name="tagSentence" time="0.015" classname="Test.IllinoisPOSTaggerManagerTest"/>
  <testcase name="tagSentence" time="0.013" classname="Test.IllinoisPOSTaggerManagerTest"/>
  <testcase name="tagSentence" time="0.035" classname="Test.IllinoisPOSTaggerManagerTest"/>
  <testcase name="tagSentence" time="0.012" classname="Test.IllinoisPOSTaggerManagerTest"/>
  <testcase name="tagSentence" time="0.019" classname="Test.IllinoisPOSTaggerManagerTest"/>
  <testcase name="tagSentence" time="0.010" classname="Test.IllinoisPOSTaggerManagerTest"/>
  <testcase name="tagSentence" time="0.008" classname="Test.IllinoisPOSTaggerManagerTest"/>
  <testcase name="tagSentence" time="0.008" classname="Test.IllinoisPOSTaggerManagerTest"/>
  <testcase name="tagSentence" time="0.008" classname="Test.IllinoisPOSTaggerManagerTest"/>
  <testcase name="tagSentence" time="0.015" classname="Test.IllinoisPOSTaggerManagerTest"/>
  <testcase name="tagSentence" time="0.009" classname="Test.IllinoisPOSTaggerManagerTest"/>
  <testcase name="tagSentence" time="0.013" classname="Test.IllinoisPOSTaggerManagerTest"/>
  <testcase name="tagSentence" time="0.010" classname="Test.IllinoisPOSTaggerManagerTest"/>
  <testcase name="tagSentence" time="0.009" classname="Test.IllinoisPOSTaggerManagerTest"/>
  <testcase name="tagSentence" time="0.012" classname="Test.IllinoisPOSTaggerManagerTest"/>
  <testcase name="tagSentence" time="0.009" classname="Test.IllinoisPOSTaggerManagerTest"/>
  <testcase name="tagSentence" time="0.009" classname="Test.IllinoisPOSTaggerManagerTest"/>
  <testcase name="tagSentence" time="0.017" classname="Test.IllinoisPOSTaggerManagerTest"/>
  <testcase name="tagSentence" time="0.015" classname="Test.IllinoisPOSTaggerManagerTest"/>
  <testcase name="tagSentence" time="0.010" classname="Test.IllinoisPOSTaggerManagerTest"/>
  <testcase name="tagSentence" time="0.009" classname="Test.IllinoisPOSTaggerManagerTest"/>
  <testcase name="tagSentence" time="0.020" classname="Test.IllinoisPOSTaggerManagerTest"/>
  <testcase name="tagSentence" time="0.008" classname="Test.IllinoisPOSTaggerManagerTest"/>
  <testcase name="tagSentence" time="0.010" classname="Test.IllinoisPOSTaggerManagerTest"/>
  <testcase name="tagSentence" time="0.009" classname="Test.IllinoisPOSTaggerManagerTest"/>
  <testcase name="tagSentence" time="0.014" classname="Test.IllinoisPOSTaggerManagerTest"/>
  <testcase name="tagSentence" time="0.008" classname="Test.IllinoisPOSTaggerManagerTest"/>
  <testcase name="tagSentence" time="0.008" classname="Test.IllinoisPOSTaggerManagerTest"/>
  <testcase name="tagSentence" time="0.009" classname="Test.IllinoisPOSTaggerManagerTest"/>
  <testcase name="tagSentence" time="0.008" classname="Test.IllinoisPOSTaggerManagerTest"/>
  <testcase name="tagSentence" time="0.009" classname="Test.IllinoisPOSTaggerManagerTest"/>
  <testcase name="tagSentence" time="0.008" classname="Test.IllinoisPOSTaggerManagerTest"/>
  <testcase name="tagSentence" time="0.009" classname="Test.IllinoisPOSTaggerManagerTest"/>
  <testcase name="tagSentence" time="0.008" classname="Test.IllinoisPOSTaggerManagerTest"/>
  <testcase name="tagSentence" time="0.013" classname="Test.IllinoisPOSTaggerManagerTest"/>
  <testcase name="tagSentence" time="0.012" classname="Test.IllinoisPOSTaggerManagerTest"/>
  <testcase name="tagSentence" time="0.009" classname="Test.IllinoisPOSTaggerManagerTest"/>
  <testcase name="tagSentence" time="0.010" classname="Test.IllinoisPOSTaggerManagerTest"/>
  <testcase name="tagSentence" time="0.091" classname="Test.IllinoisPOSTaggerManagerTest"/>
  <testcase name="tagSentence" time="0.025" classname="Test.IllinoisPOSTaggerManagerTest"/>
  <testcase name="tagSentence" time="0.008" classname="Test.IllinoisPOSTaggerManagerTest"/>
  <testcase name="tagSentence" time="0.017" classname="Test.IllinoisPOSTaggerManagerTest"/>
  <testcase name="tagSentence" time="0.012" classname="Test.IllinoisPOSTaggerManagerTest"/>
  <testcase name="tagSentence" time="0.019" classname="Test.IllinoisPOSTaggerManagerTest"/>
  <testcase name="tagSentence" time="0.010" classname="Test.IllinoisPOSTaggerManagerTest"/>
  <testcase name="tagSentence" time="0.012" classname="Test.IllinoisPOSTaggerManagerTest"/>
  <testcase name="tagSentence" time="0.016" classname="Test.IllinoisPOSTaggerManagerTest"/>
  <testcase name="tagSentence" time="0.010" classname="Test.IllinoisPOSTaggerManagerTest"/>
  <testcase name="tagSentence" time="0.027" classname="Test.IllinoisPOSTaggerManagerTest"/>
  <testcase name="tagSentence" time="0.010" classname="Test.IllinoisPOSTaggerManagerTest"/>
  <testcase name="tagSentence" time="0.008" classname="Test.IllinoisPOSTaggerManagerTest"/>
  <testcase name="tagSentence" time="0.008" classname="Test.IllinoisPOSTaggerManagerTest"/>
  <testcase name="tagSentence" time="0.015" classname="Test.IllinoisPOSTaggerManagerTest"/>
  <testcase name="tagSentence" time="0.047" classname="Test.IllinoisPOSTaggerManagerTest"/>
  <testcase name="tagSentence" time="0.014" classname="Test.IllinoisPOSTaggerManagerTest"/>
  <testcase name="tagSentence" time="0.012" classname="Test.IllinoisPOSTaggerManagerTest"/>
  <testcase name="tagSentence" time="0.015" classname="Test.IllinoisPOSTaggerManagerTest"/>
  <testcase name="tagSentence" time="0.012" classname="Test.IllinoisPOSTaggerManagerTest"/>
  <testcase name="tagSentence" time="0.010" classname="Test.IllinoisPOSTaggerManagerTest"/>
  <testcase name="tagSentence" time="0.008" classname="Test.IllinoisPOSTaggerManagerTest"/>
  <testcase name="tagSentence" time="0.015" classname="Test.IllinoisPOSTaggerManagerTest"/>
  <testcase name="tagSentence" time="0.009" classname="Test.IllinoisPOSTaggerManagerTest"/>
  <testcase name="tagSentence" time="0.011" classname="Test.IllinoisPOSTaggerManagerTest"/>
  <testcase name="tagSentence" time="0.010" classname="Test.IllinoisPOSTaggerManagerTest"/>
  <testcase name="tagSentence" time="0.009" classname="Test.IllinoisPOSTaggerManagerTest"/>
  <testcase name="tagSentence" time="0.012" classname="Test.IllinoisPOSTaggerManagerTest"/>
  <testcase name="tagSentence" time="0.025" classname="Test.IllinoisPOSTaggerManagerTest"/>
  <testcase name="tagSentence" time="0.008" classname="Test.IllinoisPOSTaggerManagerTest"/>
  <testcase name="tagSentence" time="0.015" classname="Test.IllinoisPOSTaggerManagerTest"/>
  <testcase name="tagSentence" time="0.013" classname="Test.IllinoisPOSTaggerManagerTest"/>
  <testcase name="tagSentence" time="0.009" classname="Test.IllinoisPOSTaggerManagerTest"/>
  <testcase name="tagSentence" time="0.008" classname="Test.IllinoisPOSTaggerManagerTest"/>
  <testcase name="tagSentence" time="0.008" classname="Test.IllinoisPOSTaggerManagerTest"/>
  <testcase name="tagSentence" time="0.019" classname="Test.IllinoisPOSTaggerManagerTest"/>
  <testcase name="tagSentence" time="0.009" classname="Test.IllinoisPOSTaggerManagerTest"/>
  <testcase name="tagSentence" time="0.012" classname="Test.IllinoisPOSTaggerManagerTest"/>
  <testcase name="tagSentence" time="0.008" classname="Test.IllinoisPOSTaggerManagerTest"/>
  <testcase name="tagSentence" time="0.017" classname="Test.IllinoisPOSTaggerManagerTest"/>
  <testcase name="tagSentence" time="0.008" classname="Test.IllinoisPOSTaggerManagerTest"/>
  <testcase name="tagSentence" time="0.009" classname="Test.IllinoisPOSTaggerManagerTest"/>
  <testcase name="tagSentence" time="0.014" classname="Test.IllinoisPOSTaggerManagerTest"/>
  <testcase name="tagSentence" time="0.011" classname="Test.IllinoisPOSTaggerManagerTest"/>
  <testcase name="tagSentence" time="0.017" classname="Test.IllinoisPOSTaggerManagerTest"/>
  <testcase name="tagSentence" time="0.009" classname="Test.IllinoisPOSTaggerManagerTest"/>
  <testcase name="tagSentence" time="0.014" classname="Test.IllinoisPOSTaggerManagerTest"/>
  <testcase name="tagSentence" time="0.017" classname="Test.IllinoisPOSTaggerManagerTest"/>
  <testcase name="tagSentence" time="0.008" classname="Test.IllinoisPOSTaggerManagerTest"/>
  <testcase name="tagSentence" time="0.012" classname="Test.IllinoisPOSTaggerManagerTest"/>
  <testcase name="tagSentence" time="0.008" classname="Test.IllinoisPOSTaggerManagerTest"/>
  <testcase name="tagSentence" time="0.013" classname="Test.IllinoisPOSTaggerManagerTest"/>
  <testcase name="tagSentence" time="0.058" classname="Test.IllinoisPOSTaggerManagerTest"/>
  <testcase name="tagSentence" time="0.009" classname="Test.IllinoisPOSTaggerManagerTest"/>
  <testcase name="tagSentence" time="0.015" classname="Test.IllinoisPOSTaggerManagerTest"/>
  <testcase name="tagSentence" time="0.009" classname="Test.IllinoisPOSTaggerManagerTest"/>
  <testcase name="tagSentence" time="0.016" classname="Test.IllinoisPOSTaggerManagerTest"/>
  <testcase name="tagSentence" time="0.009" classname="Test.IllinoisPOSTaggerManagerTest"/>
  <testcase name="tagSentence" time="0.018" classname="Test.IllinoisPOSTaggerManagerTest"/>
  <testcase name="tagSentence" time="0.013" classname="Test.IllinoisPOSTaggerManagerTest"/>
  <testcase name="tagSentence" time="0.009" classname="Test.IllinoisPOSTaggerManagerTest"/>
  <testcase name="tagSentence" time="0.010" classname="Test.IllinoisPOSTaggerManagerTest"/>
  <testcase name="tagSentence" time="0.009" classname="Test.IllinoisPOSTaggerManagerTest"/>
  <testcase name="tagSentence" time="0.014" classname="Test.IllinoisPOSTaggerManagerTest"/>
  <testcase name="tagSentence" time="0.009" classname="Test.IllinoisPOSTaggerManagerTest"/>
  <testcase name="tagSentence" time="0.009" classname="Test.IllinoisPOSTaggerManagerTest"/>
  <testcase name="tagSentence" time="0.010" classname="Test.IllinoisPOSTaggerManagerTest"/>
  <testcase name="tagSentence" time="0.009" classname="Test.IllinoisPOSTaggerManagerTest"/>
  <testcase name="tagSentence" time="0.013" classname="Test.IllinoisPOSTaggerManagerTest"/>
  <testcase name="tagSentence" time="0.020" classname="Test.IllinoisPOSTaggerManagerTest"/>
  <testcase name="tagSentence" time="0.014" classname="Test.IllinoisPOSTaggerManagerTest"/>
  <testcase name="tagSentence" time="0.010" classname="Test.IllinoisPOSTaggerManagerTest"/>
  <testcase name="tagSentence" time="0.009" classname="Test.IllinoisPOSTaggerManagerTest"/>
  <testcase name="tagSentence" time="0.014" classname="Test.IllinoisPOSTaggerManagerTest"/>
  <testcase name="tagSentence" time="0.013" classname="Test.IllinoisPOSTaggerManagerTest"/>
  <testcase name="tagSentence" time="0.010" classname="Test.IllinoisPOSTaggerManagerTest"/>
  <testcase name="tagSentence" time="0.009" classname="Test.IllinoisPOSTaggerManagerTest"/>
  <testcase name="tagSentence" time="0.008" classname="Test.IllinoisPOSTaggerManagerTest"/>
  <testcase name="tagSentence" time="0.010" classname="Test.IllinoisPOSTaggerManagerTest"/>
  <testcase name="tagSentence" time="0.011" classname="Test.IllinoisPOSTaggerManagerTest"/>
  <testcase name="tagSentence" time="0.010" classname="Test.IllinoisPOSTaggerManagerTest"/>
  <testcase name="tagSentence" time="0.011" classname="Test.IllinoisPOSTaggerManagerTest"/>
  <testcase name="tagSentence" time="0.011" classname="Test.IllinoisPOSTaggerManagerTest"/>
  <testcase name="tagSentence" time="0.015" classname="Test.IllinoisPOSTaggerManagerTest"/>
  <testcase name="tagSentence" time="0.008" classname="Test.IllinoisPOSTaggerManagerTest"/>
  <testcase name="tagSentence" time="0.008" classname="Test.IllinoisPOSTaggerManagerTest"/>
  <testcase name="tagSentence" time="0.015" classname="Test.IllinoisPOSTaggerManagerTest"/>
  <testcase name="tagSentence" time="0.014" classname="Test.IllinoisPOSTaggerManagerTest"/>
  <testcase name="tagSentence" time="0.008" classname="Test.IllinoisPOSTaggerManagerTest"/>
  <testcase name="tagSentence" time="0.008" classname="Test.IllinoisPOSTaggerManagerTest"/>
  <testcase name="tagSentence" time="0.013" classname="Test.IllinoisPOSTaggerManagerTest"/>
  <testcase name="tagSentence" time="0.009" classname="Test.IllinoisPOSTaggerManagerTest"/>
  <testcase name="tagSentence" time="0.009" classname="Test.IllinoisPOSTaggerManagerTest"/>
  <testcase name="tagSentence" time="0.013" classname="Test.IllinoisPOSTaggerManagerTest"/>
  <testcase name="tagSentence" time="0.012" classname="Test.IllinoisPOSTaggerManagerTest"/>
  <testcase name="tagSentence" time="0.008" classname="Test.IllinoisPOSTaggerManagerTest"/>
  <testcase name="tagSentence" time="0.009" classname="Test.IllinoisPOSTaggerManagerTest"/>
  <testcase name="tagSentence" time="0.009" classname="Test.IllinoisPOSTaggerManagerTest"/>
  <testcase name="tagSentence" time="0.010" classname="Test.IllinoisPOSTaggerManagerTest"/>
  <testcase name="tagSentence" time="0.014" classname="Test.IllinoisPOSTaggerManagerTest"/>
  <testcase name="tagSentence" time="0.016" classname="Test.IllinoisPOSTaggerManagerTest"/>
  <testcase name="tagSentence" time="0.015" classname="Test.IllinoisPOSTaggerManagerTest"/>
  <testcase name="tagSentence" time="0.016" classname="Test.IllinoisPOSTaggerManagerTest"/>
  <testcase name="tagSentence" time="0.017" classname="Test.IllinoisPOSTaggerManagerTest"/>
  <testcase name="tagSentence" time="0.008" classname="Test.IllinoisPOSTaggerManagerTest"/>
  <testcase name="tagSentence" time="0.010" classname="Test.IllinoisPOSTaggerManagerTest"/>
  <testcase name="tagSentence" time="0.008" classname="Test.IllinoisPOSTaggerManagerTest"/>
  <testcase name="tagSentence" time="0.010" classname="Test.IllinoisPOSTaggerManagerTest"/>
  <testcase name="tagSentence" time="0.008" classname="Test.IllinoisPOSTaggerManagerTest"/>
  <testcase name="tagSentence" time="0.008" classname="Test.IllinoisPOSTaggerManagerTest"/>
  <testcase name="tagSentence" time="0.009" classname="Test.IllinoisPOSTaggerManagerTest"/>
  <testcase name="tagSentence" time="0.009" classname="Test.IllinoisPOSTaggerManagerTest"/>
  <testcase name="tagSentence" time="0.008" classname="Test.IllinoisPOSTaggerManagerTest"/>
  <testcase name="tagSentence" time="0.009" classname="Test.IllinoisPOSTaggerManagerTest"/>
  <testcase name="tagSentence" time="0.008" classname="Test.IllinoisPOSTaggerManagerTest"/>
  <testcase name="tagSentence" time="0.008" classname="Test.IllinoisPOSTaggerManagerTest"/>
  <testcase name="tagSentence" time="0.010" classname="Test.IllinoisPOSTaggerManagerTest"/>
  <testcase name="tagSentence" time="0.010" classname="Test.IllinoisPOSTaggerManagerTest"/>
  <testcase name="tagSentence" time="0.009" classname="Test.IllinoisPOSTaggerManagerTest"/>
  <testcase name="tagSentence" time="0.012" classname="Test.IllinoisPOSTaggerManagerTest"/>
  <testcase name="tagSentence" time="0.009" classname="Test.IllinoisPOSTaggerManagerTest"/>
  <testcase name="tagSentence" time="0.014" classname="Test.IllinoisPOSTaggerManagerTest"/>
  <testcase name="tagSentence" time="0.008" classname="Test.IllinoisPOSTaggerManagerTest"/>
  <testcase name="tagSentence" time="0.036" classname="Test.IllinoisPOSTaggerManagerTest"/>
  <testcase name="tagSentence" time="0.012" classname="Test.IllinoisPOSTaggerManagerTest"/>
  <testcase name="tagSentence" time="0.010" classname="Test.IllinoisPOSTaggerManagerTest"/>
  <testcase name="tagSentence" time="0.008" classname="Test.IllinoisPOSTaggerManagerTest"/>
  <testcase name="tagSentence" time="0.009" classname="Test.IllinoisPOSTaggerManagerTest"/>
  <testcase name="tagSentence" time="0.010" classname="Test.IllinoisPOSTaggerManagerTest"/>
  <testcase name="tagSentence" time="0.013" classname="Test.IllinoisPOSTaggerManagerTest"/>
  <testcase name="tagSentence" time="0.021" classname="Test.IllinoisPOSTaggerManagerTest"/>
  <testcase name="tagSentence" time="0.009" classname="Test.IllinoisPOSTaggerManagerTest"/>
  <testcase name="tagSentence" time="0.014" classname="Test.IllinoisPOSTaggerManagerTest"/>
  <testcase name="tagSentence" time="0.024" classname="Test.IllinoisPOSTaggerManagerTest"/>
  <testcase name="tagSentence" time="0.013" classname="Test.IllinoisPOSTaggerManagerTest"/>
  <testcase name="tagSentence" time="0.015" classname="Test.IllinoisPOSTaggerManagerTest"/>
  <testcase name="tagSentence" time="0.008" classname="Test.IllinoisPOSTaggerManagerTest"/>
  <testcase name="tagSentence" time="0.009" classname="Test.IllinoisPOSTaggerManagerTest"/>
  <testcase name="tagSentence" time="0.009" classname="Test.IllinoisPOSTaggerManagerTest"/>
  <testcase name="tagSentence" time="0.015" classname="Test.IllinoisPOSTaggerManagerTest"/>
  <testcase name="tagSentence" time="0.008" classname="Test.IllinoisPOSTaggerManagerTest"/>
</testsuite> <!-- Test.IllinoisPOSTaggerManagerTest -->
