<?xml version="1.0" encoding="UTF-8"?>
<!-- Generated by org.testng.reporters.JUnitReportReporter -->
<testsuite hostname="PeterMacBookPro.local" name="Test.NeighbourWordsFactoryTest" tests="1" failures="0" timestamp="19 Jun 2012 19:42:51 GMT" time="0.085" errors="0">
  <testcase name="findNeighbours" time="0.085" classname="Test.NeighbourWordsFactoryTest"/>
</testsuite> <!-- Test.NeighbourWordsFactoryTest -->
