<?xml version="1.0" encoding="UTF-8"?>
<!-- Generated by org.testng.reporters.JUnitReportReporter -->
<testsuite hostname="PeterMacBookPro.local" name="Test.JPStemmerLovinsTest" tests="1" failures="0" timestamp="21 Jun 2012 20:06:05 GMT" time="0.016" errors="0">
  <testcase name="stem" time="0.016" classname="Test.JPStemmerLovinsTest"/>
</testsuite> <!-- Test.JPStemmerLovinsTest -->
