<?xml version="1.0" encoding="UTF-8"?>
<!-- Generated by org.testng.reporters.JUnitReportReporter -->
<testsuite hostname="PeterMacBookPro.local" name="Test.NeighbourWordsFactoryTest" tests="1" failures="0" timestamp="22 Jun 2012 12:24:21 GMT" time="0.105" errors="0">
  <testcase name="findNeighbours" time="0.105" classname="Test.NeighbourWordsFactoryTest"/>
</testsuite> <!-- Test.NeighbourWordsFactoryTest -->
