<?xml version="1.0" encoding="UTF-8"?>
<!-- Generated by org.testng.reporters.JUnitReportReporter -->
<testsuite hostname="PeterMacBookPro.local" name="Test.JPSenseRelateBaselineTest" tests="1" failures="0" timestamp="18 Jun 2012 12:05:12 GMT" time="0.008" errors="0">
  <testcase name="senseRelate" time="0.008" classname="Test.JPSenseRelateBaselineTest"/>
</testsuite> <!-- Test.JPSenseRelateBaselineTest -->
